# JRE version: OpenJDK Runtime Environment (8.0_152-b01) (build 1.8.0_152-release-915-b01)
# Java VM: OpenJDK 64-Bit Server VM (25.152-b01 mixed mode windows-amd64 compressed oops)
Heap:
 PSYoungGen      total 313344K, used 175611K [0x00000000e0000000, 0x00000000f5a00000, 0x0000000100000000)
  eden space 291840K, 52% used [0x00000000e0000000,0x00000000e9682b10,0x00000000f1d00000)
  from space 21504K, 99% used [0x00000000f3500000,0x00000000f49fc1b8,0x00000000f4a00000)
  to   space 24576K, 0% used [0x00000000f1d00000,0x00000000f1d00000,0x00000000f3500000)
 ParOldGen       total 159232K, used 32152K [0x00000000a0000000, 0x00000000a9b80000, 0x00000000e0000000)
  object space 159232K, 20% used [0x00000000a0000000,0x00000000a1f660d0,0x00000000a9b80000)
 Metaspace       used 60362K, capacity 62508K, committed 62680K, reserved 1103872K
  class space    used 7924K, capacity 8427K, committed 8448K, reserved 1048576K
GC Heap History (10 events):
Event: 13.820 GC heap before
{Heap before GC invocations=15 (full 3):
 PSYoungGen      total 173056K, used 154112K [0x00000000e0000000, 0x00000000ed900000, 0x0000000100000000)
  eden space 154112K, 100% used [0x00000000e0000000,0x00000000e9680000,0x00000000e9680000)
  from space 18944K, 0% used [0x00000000e9680000,0x00000000e9680000,0x00000000ea900000)
  to   space 20992K, 0% used [0x00000000ec480000,0x00000000ec480000,0x00000000ed900000)
 ParOldGen       total 159232K, used 31832K [0x00000000a0000000, 0x00000000a9b80000, 0x00000000e0000000)
  object space 159232K, 19% used [0x00000000a0000000,0x00000000a1f160d0,0x00000000a9b80000)
 Metaspace       used 59781K, capacity 61920K, committed 62168K, reserved 1103872K
  class space    used 7923K, capacity 8427K, committed 8448K, reserved 1048576K
Event: 13.834 GC heap after
Heap after GC invocations=15 (full 3):
 PSYoungGen      total 201216K, used 11035K [0x00000000e0000000, 0x00000000ed800000, 0x0000000100000000)
  eden space 181248K, 0% used [0x00000000e0000000,0x00000000e0000000,0x00000000eb100000)
  from space 19968K, 55% used [0x00000000ec480000,0x00000000ecf46da0,0x00000000ed800000)
  to   space 19968K, 0% used [0x00000000eb100000,0x00000000eb100000,0x00000000ec480000)
 ParOldGen       total 159232K, used 31840K [0x00000000a0000000, 0x00000000a9b80000, 0x00000000e0000000)
  object space 159232K, 19% used [0x00000000a0000000,0x00000000a1f180d0,0x00000000a9b80000)
 Metaspace       used 59781K, capacity 61920K, committed 62168K, reserved 1103872K
  class space    used 7923K, capacity 8427K, committed 8448K, reserved 1048576K
}
Event: 14.352 GC heap before
{Heap before GC invocations=16 (full 3):
 PSYoungGen      total 201216K, used 192283K [0x00000000e0000000, 0x00000000ed800000, 0x0000000100000000)
  eden space 181248K, 100% used [0x00000000e0000000,0x00000000eb100000,0x00000000eb100000)
  from space 19968K, 55% used [0x00000000ec480000,0x00000000ecf46da0,0x00000000ed800000)
  to   space 19968K, 0% used [0x00000000eb100000,0x00000000eb100000,0x00000000ec480000)
 ParOldGen       total 159232K, used 31840K [0x00000000a0000000, 0x00000000a9b80000, 0x00000000e0000000)
  object space 159232K, 19% used [0x00000000a0000000,0x00000000a1f180d0,0x00000000a9b80000)
 Metaspace       used 60150K, capacity 62308K, committed 62424K, reserved 1103872K
  class space    used 7923K, capacity 8427K, committed 8448K, reserved 1048576K
Event: 14.368 GC heap after
Heap after GC invocations=16 (full 3):
 PSYoungGen      total 201216K, used 13232K [0x00000000e0000000, 0x00000000f0000000, 0x0000000100000000)
  eden space 181248K, 0% used [0x00000000e0000000,0x00000000e0000000,0x00000000eb100000)
  from space 19968K, 66% used [0x00000000eb100000,0x00000000ebdec198,0x00000000ec480000)
  to   space 19968K, 0% used [0x00000000eec80000,0x00000000eec80000,0x00000000f0000000)
 ParOldGen       total 159232K, used 31856K [0x00000000a0000000, 0x00000000a9b80000, 0x00000000e0000000)
  object space 159232K, 20% used [0x00000000a0000000,0x00000000a1f1c0d0,0x00000000a9b80000)
 Metaspace       used 60150K, capacity 62308K, committed 62424K, reserved 1103872K
  class space    used 7923K, capacity 8427K, committed 8448K, reserved 1048576K
}
Event: 14.681 GC heap before
{Heap before GC invocations=17 (full 3):
 PSYoungGen      total 201216K, used 194480K [0x00000000e0000000, 0x00000000f0000000, 0x0000000100000000)
  eden space 181248K, 100% used [0x00000000e0000000,0x00000000eb100000,0x00000000eb100000)
  from space 19968K, 66% used [0x00000000eb100000,0x00000000ebdec198,0x00000000ec480000)
  to   space 19968K, 0% used [0x00000000eec80000,0x00000000eec80000,0x00000000f0000000)
 ParOldGen       total 159232K, used 31856K [0x00000000a0000000, 0x00000000a9b80000, 0x00000000e0000000)
  object space 159232K, 20% used [0x00000000a0000000,0x00000000a1f1c0d0,0x00000000a9b80000)
 Metaspace       used 60315K, capacity 62508K, committed 62680K, reserved 1103872K
  class space    used 7923K, capacity 8427K, committed 8448K, reserved 1048576K
Event: 14.692 GC heap after
Heap after GC invocations=17 (full 3):
 PSYoungGen      total 242176K, used 13008K [0x00000000e0000000, 0x00000000f0800000, 0x0000000100000000)
  eden space 222208K, 0% used [0x00000000e0000000,0x00000000e0000000,0x00000000ed900000)
  from space 19968K, 65% used [0x00000000eec80000,0x00000000ef9341d8,0x00000000f0000000)
  to   space 19968K, 0% used [0x00000000ed900000,0x00000000ed900000,0x00000000eec80000)
 ParOldGen       total 159232K, used 31864K [0x00000000a0000000, 0x00000000a9b80000, 0x00000000e0000000)
  object space 159232K, 20% used [0x00000000a0000000,0x00000000a1f1e0d0,0x00000000a9b80000)
 Metaspace       used 60315K, capacity 62508K, committed 62680K, reserved 1103872K
  class space    used 7923K, capacity 8427K, committed 8448K, reserved 1048576K
}
Event: 15.014 GC heap before
{Heap before GC invocations=18 (full 3):
 PSYoungGen      total 242176K, used 235216K [0x00000000e0000000, 0x00000000f0800000, 0x0000000100000000)
  eden space 222208K, 100% used [0x00000000e0000000,0x00000000ed900000,0x00000000ed900000)
  from space 19968K, 65% used [0x00000000eec80000,0x00000000ef9341d8,0x00000000f0000000)
  to   space 19968K, 0% used [0x00000000ed900000,0x00000000ed900000,0x00000000eec80000)
 ParOldGen       total 159232K, used 31864K [0x00000000a0000000, 0x00000000a9b80000, 0x00000000e0000000)
  object space 159232K, 20% used [0x00000000a0000000,0x00000000a1f1e0d0,0x00000000a9b80000)
 Metaspace       used 60344K, capacity 62508K, committed 62680K, reserved 1103872K
  class space    used 7923K, capacity 8427K, committed 8448K, reserved 1048576K
Event: 15.032 GC heap after
Heap after GC invocations=18 (full 3):
 PSYoungGen      total 242176K, used 18360K [0x00000000e0000000, 0x00000000f4a00000, 0x0000000100000000)
  eden space 222208K, 0% used [0x00000000e0000000,0x00000000e0000000,0x00000000ed900000)
  from space 19968K, 91% used [0x00000000ed900000,0x00000000eeaee188,0x00000000eec80000)
  to   space 21504K, 0% used [0x00000000f3500000,0x00000000f3500000,0x00000000f4a00000)
 ParOldGen       total 159232K, used 31872K [0x00000000a0000000, 0x00000000a9b80000, 0x00000000e0000000)
  object space 159232K, 20% used [0x00000000a0000000,0x00000000a1f200d0,0x00000000a9b80000)
 Metaspace       used 60344K, capacity 62508K, committed 62680K, reserved 1103872K
  class space    used 7923K, capacity 8427K, committed 8448K, reserved 1048576K
}
Event: 15.351 GC heap before
{Heap before GC invocations=19 (full 3):
 PSYoungGen      total 242176K, used 240568K [0x00000000e0000000, 0x00000000f4a00000, 0x0000000100000000)
  eden space 222208K, 100% used [0x00000000e0000000,0x00000000ed900000,0x00000000ed900000)
  from space 19968K, 91% used [0x00000000ed900000,0x00000000eeaee188,0x00000000eec80000)
  to   space 21504K, 0% used [0x00000000f3500000,0x00000000f3500000,0x00000000f4a00000)
 ParOldGen       total 159232K, used 31872K [0x00000000a0000000, 0x00000000a9b80000, 0x00000000e0000000)
  object space 159232K, 20% used [0x00000000a0000000,0x00000000a1f200d0,0x00000000a9b80000)
 Metaspace       used 60355K, capacity 62508K, committed 62680K, reserved 1103872K
  class space    used 7923K, capacity 8427K, committed 8448K, reserved 1048576K
Event: 15.375 GC heap after
Heap after GC invocations=19 (full 3):
 PSYoungGen      total 313344K, used 21488K [0x00000000e0000000, 0x00000000f5a00000, 0x0000000100000000)
  eden space 291840K, 0% used [0x00000000e0000000,0x00000000e0000000,0x00000000f1d00000)
  from space 21504K, 99% used [0x00000000f3500000,0x00000000f49fc1b8,0x00000000f4a00000)
  to   space 24576K, 0% used [0x00000000f1d00000,0x00000000f1d00000,0x00000000f3500000)
 ParOldGen       total 159232K, used 32152K [0x00000000a0000000, 0x00000000a9b80000, 0x00000000e0000000)
  object space 159232K, 20% used [0x00000000a0000000,0x00000000a1f660d0,0x00000000a9b80000)
 Metaspace       used 60355K, capacity 62508K, committed 62680K, reserved 1103872K
  class space    used 7923K, capacity 8427K, committed 8448K, reserved 1048576K
}

