# JRE version: OpenJDK Runtime Environment (8.0_152-b01) (build 1.8.0_152-release-915-b01)
# Java VM: OpenJDK 64-Bit Server VM (25.152-b01 mixed mode windows-amd64 compressed oops)
Heap:
 PSYoungGen      total 101376K, used 59811K [0x00000000e0000000, 0x00000000e7200000, 0x0000000100000000)
  eden space 91648K, 65% used [0x00000000e0000000,0x00000000e3a68f08,0x00000000e5980000)
  from space 9728K, 0% used [0x00000000e6880000,0x00000000e6880000,0x00000000e7200000)
  to   space 12288K, 0% used [0x00000000e5a00000,0x00000000e5a00000,0x00000000e6600000)
 ParOldGen       total 103936K, used 15799K [0x00000000a0000000, 0x00000000a6580000, 0x00000000e0000000)
  object space 103936K, 15% used [0x00000000a0000000,0x00000000a0f6dcc8,0x00000000a6580000)
 Metaspace       used 38171K, capacity 38906K, committed 39128K, reserved 1083392K
  class space    used 5114K, capacity 5359K, committed 5376K, reserved 1048576K
GC Heap History (10 events):
Event: 1.953 GC heap before
{Heap before GC invocations=4 (full 1):
 PSYoungGen      total 71680K, used 5104K [0x00000000e0000000, 0x00000000e4b00000, 0x0000000100000000)
  eden space 66560K, 0% used [0x00000000e0000000,0x00000000e0000000,0x00000000e4100000)
  from space 5120K, 99% used [0x00000000e4100000,0x00000000e45fc020,0x00000000e4600000)
  to   space 5120K, 0% used [0x00000000e4600000,0x00000000e4600000,0x00000000e4b00000)
 ParOldGen       total 87552K, used 8345K [0x00000000a0000000, 0x00000000a5580000, 0x00000000e0000000)
  object space 87552K, 9% used [0x00000000a0000000,0x00000000a0826678,0x00000000a5580000)
 Metaspace       used 20633K, capacity 21130K, committed 21248K, reserved 1067008K
  class space    used 2855K, capacity 3038K, committed 3072K, reserved 1048576K
Event: 1.988 GC heap after
Heap after GC invocations=4 (full 1):
 PSYoungGen      total 71680K, used 0K [0x00000000e0000000, 0x00000000e4b00000, 0x0000000100000000)
  eden space 66560K, 0% used [0x00000000e0000000,0x00000000e0000000,0x00000000e4100000)
  from space 5120K, 0% used [0x00000000e4100000,0x00000000e4100000,0x00000000e4600000)
  to   space 5120K, 0% used [0x00000000e4600000,0x00000000e4600000,0x00000000e4b00000)
 ParOldGen       total 71680K, used 11803K [0x00000000a0000000, 0x00000000a4600000, 0x00000000e0000000)
  object space 71680K, 16% used [0x00000000a0000000,0x00000000a0b86f18,0x00000000a4600000)
 Metaspace       used 20633K, capacity 21130K, committed 21248K, reserved 1067008K
  class space    used 2855K, capacity 3038K, committed 3072K, reserved 1048576K
}
Event: 2.568 GC heap before
{Heap before GC invocations=5 (full 1):
 PSYoungGen      total 71680K, used 66560K [0x00000000e0000000, 0x00000000e4b00000, 0x0000000100000000)
  eden space 66560K, 100% used [0x00000000e0000000,0x00000000e4100000,0x00000000e4100000)
  from space 5120K, 0% used [0x00000000e4100000,0x00000000e4100000,0x00000000e4600000)
  to   space 5120K, 0% used [0x00000000e4600000,0x00000000e4600000,0x00000000e4b00000)
 ParOldGen       total 71680K, used 11803K [0x00000000a0000000, 0x00000000a4600000, 0x00000000e0000000)
  object space 71680K, 16% used [0x00000000a0000000,0x00000000a0b86f18,0x00000000a4600000)
 Metaspace       used 25823K, capacity 26370K, committed 26624K, reserved 1073152K
  class space    used 3540K, capacity 3730K, committed 3840K, reserved 1048576K
Event: 2.575 GC heap after
Heap after GC invocations=5 (full 1):
 PSYoungGen      total 71680K, used 5100K [0x00000000e0000000, 0x00000000e6780000, 0x0000000100000000)
  eden space 66560K, 0% used [0x00000000e0000000,0x00000000e0000000,0x00000000e4100000)
  from space 5120K, 99% used [0x00000000e4600000,0x00000000e4afb398,0x00000000e4b00000)
  to   space 5120K, 0% used [0x00000000e4100000,0x00000000e4100000,0x00000000e4600000)
 ParOldGen       total 71680K, used 14107K [0x00000000a0000000, 0x00000000a4600000, 0x00000000e0000000)
  object space 71680K, 19% used [0x00000000a0000000,0x00000000a0dc6d70,0x00000000a4600000)
 Metaspace       used 25823K, capacity 26370K, committed 26624K, reserved 1073152K
  class space    used 3540K, capacity 3730K, committed 3840K, reserved 1048576K
}
Event: 3.265 GC heap before
{Heap before GC invocations=6 (full 1):
 PSYoungGen      total 71680K, used 71660K [0x00000000e0000000, 0x00000000e6780000, 0x0000000100000000)
  eden space 66560K, 100% used [0x00000000e0000000,0x00000000e4100000,0x00000000e4100000)
  from space 5120K, 99% used [0x00000000e4600000,0x00000000e4afb398,0x00000000e4b00000)
  to   space 5120K, 0% used [0x00000000e4100000,0x00000000e4100000,0x00000000e4600000)
 ParOldGen       total 71680K, used 14107K [0x00000000a0000000, 0x00000000a4600000, 0x00000000e0000000)
  object space 71680K, 19% used [0x00000000a0000000,0x00000000a0dc6d70,0x00000000a4600000)
 Metaspace       used 30109K, capacity 30700K, committed 30976K, reserved 1075200K
  class space    used 4110K, capacity 4319K, committed 4352K, reserved 1048576K
Event: 3.273 GC heap after
Heap after GC invocations=6 (full 1):
 PSYoungGen      total 71680K, used 5088K [0x00000000e0000000, 0x00000000e7400000, 0x0000000100000000)
  eden space 66560K, 0% used [0x00000000e0000000,0x00000000e0000000,0x00000000e4100000)
  from space 5120K, 99% used [0x00000000e4100000,0x00000000e45f8030,0x00000000e4600000)
  to   space 11776K, 0% used [0x00000000e6880000,0x00000000e6880000,0x00000000e7400000)
 ParOldGen       total 71680K, used 17045K [0x00000000a0000000, 0x00000000a4600000, 0x00000000e0000000)
  object space 71680K, 23% used [0x00000000a0000000,0x00000000a10a5550,0x00000000a4600000)
 Metaspace       used 30109K, capacity 30700K, committed 30976K, reserved 1075200K
  class space    used 4110K, capacity 4319K, committed 4352K, reserved 1048576K
}
Event: 6.606 GC heap before
{Heap before GC invocations=7 (full 1):
 PSYoungGen      total 71680K, used 60847K [0x00000000e0000000, 0x00000000e7400000, 0x0000000100000000)
  eden space 66560K, 83% used [0x00000000e0000000,0x00000000e3673ed8,0x00000000e4100000)
  from space 5120K, 99% used [0x00000000e4100000,0x00000000e45f8030,0x00000000e4600000)
  to   space 11776K, 0% used [0x00000000e6880000,0x00000000e6880000,0x00000000e7400000)
 ParOldGen       total 71680K, used 17045K [0x00000000a0000000, 0x00000000a4600000, 0x00000000e0000000)
  object space 71680K, 23% used [0x00000000a0000000,0x00000000a10a5550,0x00000000a4600000)
 Metaspace       used 34527K, capacity 35226K, committed 35416K, reserved 1079296K
  class space    used 4690K, capacity 4963K, committed 4992K, reserved 1048576K
Event: 6.615 GC heap after
Heap after GC invocations=7 (full 1):
 PSYoungGen      total 101376K, used 9550K [0x00000000e0000000, 0x00000000e7200000, 0x0000000100000000)
  eden space 91648K, 0% used [0x00000000e0000000,0x00000000e0000000,0x00000000e5980000)
  from space 9728K, 98% used [0x00000000e6880000,0x00000000e71d3aa0,0x00000000e7200000)
  to   space 12288K, 0% used [0x00000000e5a00000,0x00000000e5a00000,0x00000000e6600000)
 ParOldGen       total 71680K, used 17117K [0x00000000a0000000, 0x00000000a4600000, 0x00000000e0000000)
  object space 71680K, 23% used [0x00000000a0000000,0x00000000a10b7560,0x00000000a4600000)
 Metaspace       used 34527K, capacity 35226K, committed 35416K, reserved 1079296K
  class space    used 4690K, capacity 4963K, committed 4992K, reserved 1048576K
}
Event: 6.615 GC heap before
{Heap before GC invocations=8 (full 2):
 PSYoungGen      total 101376K, used 9550K [0x00000000e0000000, 0x00000000e7200000, 0x0000000100000000)
  eden space 91648K, 0% used [0x00000000e0000000,0x00000000e0000000,0x00000000e5980000)
  from space 9728K, 98% used [0x00000000e6880000,0x00000000e71d3aa0,0x00000000e7200000)
  to   space 12288K, 0% used [0x00000000e5a00000,0x00000000e5a00000,0x00000000e6600000)
 ParOldGen       total 71680K, used 17117K [0x00000000a0000000, 0x00000000a4600000, 0x00000000e0000000)
  object space 71680K, 23% used [0x00000000a0000000,0x00000000a10b7560,0x00000000a4600000)
 Metaspace       used 34527K, capacity 35226K, committed 35416K, reserved 1079296K
  class space    used 4690K, capacity 4963K, committed 4992K, reserved 1048576K
Event: 6.666 GC heap after
Heap after GC invocations=8 (full 2):
 PSYoungGen      total 101376K, used 0K [0x00000000e0000000, 0x00000000e7200000, 0x0000000100000000)
  eden space 91648K, 0% used [0x00000000e0000000,0x00000000e0000000,0x00000000e5980000)
  from space 9728K, 0% used [0x00000000e6880000,0x00000000e6880000,0x00000000e7200000)
  to   space 12288K, 0% used [0x00000000e5a00000,0x00000000e5a00000,0x00000000e6600000)
 ParOldGen       total 103936K, used 15799K [0x00000000a0000000, 0x00000000a6580000, 0x00000000e0000000)
  object space 103936K, 15% used [0x00000000a0000000,0x00000000a0f6dcc8,0x00000000a6580000)
 Metaspace       used 34527K, capacity 35226K, committed 35416K, reserved 1079296K
  class space    used 4690K, capacity 4963K, committed 4992K, reserved 1048576K
}

