# JRE version: OpenJDK Runtime Environment (8.0_152-b01) (build 1.8.0_152-release-915-b01)
# Java VM: OpenJDK 64-Bit Server VM (25.152-b01 mixed mode windows-amd64 compressed oops)
Heap:
 PSYoungGen      total 318464K, used 207200K [0x00000000e0000000, 0x00000000f6b80000, 0x0000000100000000)
  eden space 264704K, 72% used [0x00000000e0000000,0x00000000eba33d18,0x00000000f0280000)
  from space 53760K, 30% used [0x00000000f0280000,0x00000000f12a4518,0x00000000f3700000)
  to   space 44032K, 0% used [0x00000000f4080000,0x00000000f4080000,0x00000000f6b80000)
 ParOldGen       total 241152K, used 49575K [0x00000000a0000000, 0x00000000aeb80000, 0x00000000e0000000)
  object space 241152K, 20% used [0x00000000a0000000,0x00000000a3069f30,0x00000000aeb80000)
 Metaspace       used 95717K, capacity 100662K, committed 103424K, reserved 1138688K
  class space    used 12151K, capacity 13237K, committed 13824K, reserved 1048576K
GC Heap History (10 events):
Event: 154.322 GC heap before
{Heap before GC invocations=19 (full 3):
 PSYoungGen      total 307200K, used 298659K [0x00000000e0000000, 0x00000000f7580000, 0x0000000100000000)
  eden space 263168K, 100% used [0x00000000e0000000,0x00000000f0100000,0x00000000f0100000)
  from space 44032K, 80% used [0x00000000f0100000,0x00000000f23a8d18,0x00000000f2c00000)
  to   space 47104K, 0% used [0x00000000f4780000,0x00000000f4780000,0x00000000f7580000)
 ParOldGen       total 178176K, used 46997K [0x00000000a0000000, 0x00000000aae00000, 0x00000000e0000000)
  object space 178176K, 26% used [0x00000000a0000000,0x00000000a2de57e8,0x00000000aae00000)
 Metaspace       used 89974K, capacity 95626K, committed 95872K, reserved 1132544K
  class space    used 11659K, capacity 12868K, committed 12928K, reserved 1048576K
Event: 154.350 GC heap after
Heap after GC invocations=19 (full 3):
 PSYoungGen      total 330752K, used 40556K [0x00000000e0000000, 0x00000000f7d80000, 0x0000000100000000)
  eden space 283648K, 0% used [0x00000000e0000000,0x00000000e0000000,0x00000000f1500000)
  from space 47104K, 86% used [0x00000000f4780000,0x00000000f6f1b360,0x00000000f7580000)
  to   space 51712K, 0% used [0x00000000f1500000,0x00000000f1500000,0x00000000f4780000)
 ParOldGen       total 178176K, used 47005K [0x00000000a0000000, 0x00000000aae00000, 0x00000000e0000000)
  object space 178176K, 26% used [0x00000000a0000000,0x00000000a2de77e8,0x00000000aae00000)
 Metaspace       used 89974K, capacity 95626K, committed 95872K, reserved 1132544K
  class space    used 11659K, capacity 12868K, committed 12928K, reserved 1048576K
}
Event: 8780.028 GC heap before
{Heap before GC invocations=20 (full 3):
 PSYoungGen      total 330752K, used 324204K [0x00000000e0000000, 0x00000000f7d80000, 0x0000000100000000)
  eden space 283648K, 100% used [0x00000000e0000000,0x00000000f1500000,0x00000000f1500000)
  from space 47104K, 86% used [0x00000000f4780000,0x00000000f6f1b360,0x00000000f7580000)
  to   space 51712K, 0% used [0x00000000f1500000,0x00000000f1500000,0x00000000f4780000)
 ParOldGen       total 178176K, used 47005K [0x00000000a0000000, 0x00000000aae00000, 0x00000000e0000000)
  object space 178176K, 26% used [0x00000000a0000000,0x00000000a2de77e8,0x00000000aae00000)
 Metaspace       used 90481K, capacity 96182K, committed 96384K, reserved 1132544K
  class space    used 11695K, capacity 12892K, committed 12928K, reserved 1048576K
Event: 8780.099 GC heap after
Heap after GC invocations=20 (full 3):
 PSYoungGen      total 311808K, used 37528K [0x00000000e0000000, 0x00000000f7580000, 0x0000000100000000)
  eden space 273920K, 0% used [0x00000000e0000000,0x00000000e0000000,0x00000000f0b80000)
  from space 37888K, 99% used [0x00000000f1500000,0x00000000f39a61e8,0x00000000f3a00000)
  to   space 54272K, 0% used [0x00000000f4080000,0x00000000f4080000,0x00000000f7580000)
 ParOldGen       total 178176K, used 47013K [0x00000000a0000000, 0x00000000aae00000, 0x00000000e0000000)
  object space 178176K, 26% used [0x00000000a0000000,0x00000000a2de97e8,0x00000000aae00000)
 Metaspace       used 90481K, capacity 96182K, committed 96384K, reserved 1132544K
  class space    used 11695K, capacity 12892K, committed 12928K, reserved 1048576K
}
Event: 10324.020 GC heap before
{Heap before GC invocations=21 (full 3):
 PSYoungGen      total 311808K, used 176135K [0x00000000e0000000, 0x00000000f7580000, 0x0000000100000000)
  eden space 273920K, 50% used [0x00000000e0000000,0x00000000e875bde8,0x00000000f0b80000)
  from space 37888K, 99% used [0x00000000f1500000,0x00000000f39a61e8,0x00000000f3a00000)
  to   space 54272K, 0% used [0x00000000f4080000,0x00000000f4080000,0x00000000f7580000)
 ParOldGen       total 178176K, used 47013K [0x00000000a0000000, 0x00000000aae00000, 0x00000000e0000000)
  object space 178176K, 26% used [0x00000000a0000000,0x00000000a2de97e8,0x00000000aae00000)
 Metaspace       used 92221K, capacity 98246K, committed 98304K, reserved 1134592K
  class space    used 11961K, capacity 13282K, committed 13312K, reserved 1048576K
Event: 10324.038 GC heap after
Heap after GC invocations=21 (full 3):
 PSYoungGen      total 308736K, used 30834K [0x00000000e0000000, 0x00000000f6b80000, 0x0000000100000000)
  eden space 264704K, 0% used [0x00000000e0000000,0x00000000e0000000,0x00000000f0280000)
  from space 44032K, 70% used [0x00000000f4080000,0x00000000f5e9cbe8,0x00000000f6b80000)
  to   space 53760K, 0% used [0x00000000f0280000,0x00000000f0280000,0x00000000f3700000)
 ParOldGen       total 178176K, used 47021K [0x00000000a0000000, 0x00000000aae00000, 0x00000000e0000000)
  object space 178176K, 26% used [0x00000000a0000000,0x00000000a2deb7e8,0x00000000aae00000)
 Metaspace       used 92221K, capacity 98246K, committed 98304K, reserved 1134592K
  class space    used 11961K, capacity 13282K, committed 13312K, reserved 1048576K
}
Event: 10324.038 GC heap before
{Heap before GC invocations=22 (full 4):
 PSYoungGen      total 308736K, used 30834K [0x00000000e0000000, 0x00000000f6b80000, 0x0000000100000000)
  eden space 264704K, 0% used [0x00000000e0000000,0x00000000e0000000,0x00000000f0280000)
  from space 44032K, 70% used [0x00000000f4080000,0x00000000f5e9cbe8,0x00000000f6b80000)
  to   space 53760K, 0% used [0x00000000f0280000,0x00000000f0280000,0x00000000f3700000)
 ParOldGen       total 178176K, used 47021K [0x00000000a0000000, 0x00000000aae00000, 0x00000000e0000000)
  object space 178176K, 26% used [0x00000000a0000000,0x00000000a2deb7e8,0x00000000aae00000)
 Metaspace       used 92221K, capacity 98246K, committed 98304K, reserved 1134592K
  class space    used 11961K, capacity 13282K, committed 13312K, reserved 1048576K
Event: 10324.229 GC heap after
Heap after GC invocations=22 (full 4):
 PSYoungGen      total 308736K, used 0K [0x00000000e0000000, 0x00000000f6b80000, 0x0000000100000000)
  eden space 264704K, 0% used [0x00000000e0000000,0x00000000e0000000,0x00000000f0280000)
  from space 44032K, 0% used [0x00000000f4080000,0x00000000f4080000,0x00000000f6b80000)
  to   space 53760K, 0% used [0x00000000f0280000,0x00000000f0280000,0x00000000f3700000)
 ParOldGen       total 241152K, used 49559K [0x00000000a0000000, 0x00000000aeb80000, 0x00000000e0000000)
  object space 241152K, 20% used [0x00000000a0000000,0x00000000a3065f30,0x00000000aeb80000)
 Metaspace       used 89633K, capacity 94078K, committed 98304K, reserved 1134592K
  class space    used 11440K, capacity 12433K, committed 13312K, reserved 1048576K
}
Event: 10328.467 GC heap before
{Heap before GC invocations=23 (full 4):
 PSYoungGen      total 308736K, used 264517K [0x00000000e0000000, 0x00000000f6b80000, 0x0000000100000000)
  eden space 264704K, 99% used [0x00000000e0000000,0x00000000f02516a8,0x00000000f0280000)
  from space 44032K, 0% used [0x00000000f4080000,0x00000000f4080000,0x00000000f6b80000)
  to   space 53760K, 0% used [0x00000000f0280000,0x00000000f0280000,0x00000000f3700000)
 ParOldGen       total 241152K, used 49559K [0x00000000a0000000, 0x00000000aeb80000, 0x00000000e0000000)
  object space 241152K, 20% used [0x00000000a0000000,0x00000000a3065f30,0x00000000aeb80000)
 Metaspace       used 95106K, capacity 99726K, committed 102912K, reserved 1138688K
  class space    used 12050K, capacity 13099K, committed 13824K, reserved 1048576K
Event: 10328.480 GC heap after
Heap after GC invocations=23 (full 4):
 PSYoungGen      total 318464K, used 16529K [0x00000000e0000000, 0x00000000f6b80000, 0x0000000100000000)
  eden space 264704K, 0% used [0x00000000e0000000,0x00000000e0000000,0x00000000f0280000)
  from space 53760K, 30% used [0x00000000f0280000,0x00000000f12a4518,0x00000000f3700000)
  to   space 44032K, 0% used [0x00000000f4080000,0x00000000f4080000,0x00000000f6b80000)
 ParOldGen       total 241152K, used 49575K [0x00000000a0000000, 0x00000000aeb80000, 0x00000000e0000000)
  object space 241152K, 20% used [0x00000000a0000000,0x00000000a3069f30,0x00000000aeb80000)
 Metaspace       used 95106K, capacity 99726K, committed 102912K, reserved 1138688K
  class space    used 12050K, capacity 13099K, committed 13824K, reserved 1048576K
}

